<?xml version="1.0" encoding="UTF-8"?>
<!-- Generated by org.testng.reporters.JUnitXMLReporter -->
<testsuite ignored="9" hostname="LAPTOP-1LD7A37S" failures="0" tests="9" name="Project1" time="29.622" errors="0" timestamp="2024-01-19T23:46:07 IST">
  <testcase classname="com.ninjademo.qa.tests.TestHomePage" name="test_homepagegettitle" time="0.043"/>
  <testcase classname="com.ninjademo.qa.tests.TestHomePage" name="test_ClickonMyAccount" time="0.194"/>
  <testcase classname="com.ninjademo.qa.tests.TestHomePage" name="test_ClickonLogin" time="0.383"/>
  <testcase classname="com.ninjademo.qa.tests.TestHomePage" name="test_ClickonRegister" time="1.68"/>
  <testcase classname="com.ninjademo.qa.tests.TestHomePage" name="test_ClickonWishlist" time="0.418"/>
  <testcase classname="com.ninjademo.qa.tests.TestHomePage" name="test_ClickonShoppingcart" time="0.365"/>
  <testcase classname="com.ninjademo.qa.tests.TestLoginpage" name="test_login" time="2.53"/>
  <testcase classname="com.ninjademo.qa.tests.TestSearchPage" name="test_searchProduct" time="0.489"/>
  <testcase classname="com.ninjademo.qa.tests.TestProductPage" name="addproducttoCartTest" time="6.819"/>
  <testcase classname="com.ninjademo.qa.base.TestBase" name="@AfterSuite generateReports" time="0.0">
    <ignored/>
  </testcase> <!-- @AfterSuite generateReports -->
  <testcase classname="com.ninjademo.qa.base.TestBase" name="@BeforeSuite InitializeExtentReport" time="0.0">
    <ignored/>
  </testcase> <!-- @BeforeSuite InitializeExtentReport -->
  <testcase classname="com.ninjademo.qa.base.TestBase" name="@BeforeTest getNameMethod" time="0.0">
    <ignored/>
  </testcase> <!-- @BeforeTest getNameMethod -->
  <testcase classname="com.ninjademo.qa.base.TestBase" name="@BeforeSuite InitializeExtentReport" time="0.0">
    <ignored/>
  </testcase> <!-- @BeforeSuite InitializeExtentReport -->
  <testcase classname="com.ninjademo.qa.base.TestBase" name="@BeforeTest getNameMethod" time="0.0">
    <ignored/>
  </testcase> <!-- @BeforeTest getNameMethod -->
  <testcase classname="com.ninjademo.qa.base.TestBase" name="@BeforeSuite InitializeExtentReport" time="0.0">
    <ignored/>
  </testcase> <!-- @BeforeSuite InitializeExtentReport -->
  <testcase classname="com.ninjademo.qa.base.TestBase" name="@AfterSuite generateReports" time="0.0">
    <ignored/>
  </testcase> <!-- @AfterSuite generateReports -->
  <testcase classname="com.ninjademo.qa.base.TestBase" name="@AfterSuite generateReports" time="0.0">
    <ignored/>
  </testcase> <!-- @AfterSuite generateReports -->
  <testcase classname="com.ninjademo.qa.base.TestBase" name="@BeforeTest getNameMethod" time="0.0">
    <ignored/>
  </testcase> <!-- @BeforeTest getNameMethod -->
</testsuite> <!-- Project1 -->
