<?xml version="1.0" encoding="UTF-8"?>
<testng-results ignored="9" total="18" passed="9" failed="0" skipped="0">
  <reporter-output>
  </reporter-output>
  <suite started-at="2024-01-19T23:45:38 IST" name="Project1" finished-at="2024-01-19T23:46:07 IST" duration-ms="29622">
    <groups>
    </groups>
    <test started-at="2024-01-19T23:45:38 IST" name="Project1" finished-at="2024-01-19T23:46:07 IST" duration-ms="29622">
      <class name="com.ninjademo.qa.tests.TestSearchPage">
        <test-method is-config="true" signature="OpenApp()[pri:0, instance:com.ninjademo.qa.tests.TestSearchPage@302c971f]" started-at="2024-01-19T23:45:53 IST" name="OpenApp" finished-at="2024-01-19T23:45:57 IST" duration-ms="3714" status="PASS">
          <reporter-output>
          </reporter-output>
        </test-method> <!-- OpenApp -->
        <test-method signature="test_searchProduct(java.lang.String)[pri:49, instance:com.ninjademo.qa.tests.TestSearchPage@302c971f]" started-at="2024-01-19T23:45:57 IST" name="test_searchProduct" finished-at="2024-01-19T23:45:57 IST" duration-ms="489" status="PASS">
          <params>
            <param index="0">
              <value>
                <![CDATA[mac]]>
              </value>
            </param>
          </params>
          <reporter-output>
          </reporter-output>
        </test-method> <!-- test_searchProduct -->
        <test-method is-config="true" signature="generateTestStatus(java.lang.reflect.Method,org.testng.ITestResult)[pri:0, instance:com.ninjademo.qa.tests.TestSearchPage@302c971f]" started-at="2024-01-19T23:45:57 IST" name="generateTestStatus" finished-at="2024-01-19T23:45:57 IST" duration-ms="1" status="PASS">
          <params>
            <param index="0">
              <value>
                <![CDATA[public void com.ninjademo.qa.tests.TestSearchPage.test_searchProduct(java.lang.String)]]>
              </value>
            </param>
            <param index="1">
              <value>
                <![CDATA[[TestResult name=test_searchProduct status=SUCCESS method=TestSearchPage.test_searchProduct(java.lang.String)[pri:49, instance:com.ninjademo.qa.tests.TestSearchPage@302c971f] output={null}]]]>
              </value>
            </param>
          </params>
          <reporter-output>
          </reporter-output>
        </test-method> <!-- generateTestStatus -->
      </class> <!-- com.ninjademo.qa.tests.TestSearchPage -->
      <class name="com.ninjademo.qa.tests.TestLoginpage">
        <test-method is-config="true" signature="openApp()[pri:0, instance:com.ninjademo.qa.tests.TestLoginpage@305ffe9e]" started-at="2024-01-19T23:45:47 IST" name="openApp" finished-at="2024-01-19T23:45:50 IST" duration-ms="3690" status="PASS">
          <reporter-output>
          </reporter-output>
        </test-method> <!-- openApp -->
        <test-method signature="test_login(java.lang.String,java.lang.String)[pri:49, instance:com.ninjademo.qa.tests.TestLoginpage@305ffe9e]" started-at="2024-01-19T23:45:50 IST" name="test_login" finished-at="2024-01-19T23:45:53 IST" duration-ms="2530" status="PASS">
          <params>
            <param index="0">
              <value>
                <![CDATA[seleniumdemo@gmail.com]]>
              </value>
            </param>
            <param index="1">
              <value>
                <![CDATA[123456]]>
              </value>
            </param>
          </params>
          <reporter-output>
          </reporter-output>
        </test-method> <!-- test_login -->
        <test-method is-config="true" signature="generateTestStatus(java.lang.reflect.Method,org.testng.ITestResult)[pri:0, instance:com.ninjademo.qa.tests.TestLoginpage@305ffe9e]" started-at="2024-01-19T23:45:53 IST" name="generateTestStatus" finished-at="2024-01-19T23:45:53 IST" duration-ms="1" status="PASS">
          <params>
            <param index="0">
              <value>
                <![CDATA[public void com.ninjademo.qa.tests.TestLoginpage.test_login(java.lang.String,java.lang.String) throws java.lang.InterruptedException]]>
              </value>
            </param>
            <param index="1">
              <value>
                <![CDATA[[TestResult name=test_login status=SUCCESS method=TestLoginpage.test_login(java.lang.String,java.lang.String)[pri:49, instance:com.ninjademo.qa.tests.TestLoginpage@305ffe9e] output={null}]]]>
              </value>
            </param>
          </params>
          <reporter-output>
          </reporter-output>
        </test-method> <!-- generateTestStatus -->
      </class> <!-- com.ninjademo.qa.tests.TestLoginpage -->
      <class name="com.ninjademo.qa.tests.TestProductPage">
        <test-method is-config="true" signature="OpenApp()[pri:0, instance:com.ninjademo.qa.tests.TestProductPage@1972e513]" started-at="2024-01-19T23:45:57 IST" name="OpenApp" finished-at="2024-01-19T23:46:01 IST" duration-ms="3412" status="PASS">
          <reporter-output>
          </reporter-output>
        </test-method> <!-- OpenApp -->
        <test-method signature="addproducttoCartTest()[pri:49, instance:com.ninjademo.qa.tests.TestProductPage@1972e513]" started-at="2024-01-19T23:46:01 IST" name="addproducttoCartTest" finished-at="2024-01-19T23:46:07 IST" duration-ms="6819" status="PASS">
          <reporter-output>
          </reporter-output>
        </test-method> <!-- addproducttoCartTest -->
        <test-method is-config="true" signature="generateTestStatus(java.lang.reflect.Method,org.testng.ITestResult)[pri:0, instance:com.ninjademo.qa.tests.TestProductPage@1972e513]" started-at="2024-01-19T23:46:07 IST" name="generateTestStatus" finished-at="2024-01-19T23:46:07 IST" duration-ms="2" status="PASS">
          <params>
            <param index="0">
              <value>
                <![CDATA[public void com.ninjademo.qa.tests.TestProductPage.addproducttoCartTest() throws java.lang.InterruptedException]]>
              </value>
            </param>
            <param index="1">
              <value>
                <![CDATA[[TestResult name=addproducttoCartTest status=SUCCESS method=TestProductPage.addproducttoCartTest()[pri:49, instance:com.ninjademo.qa.tests.TestProductPage@1972e513] output={null}]]]>
              </value>
            </param>
          </params>
          <reporter-output>
          </reporter-output>
        </test-method> <!-- generateTestStatus -->
      </class> <!-- com.ninjademo.qa.tests.TestProductPage -->
      <class name="com.ninjademo.qa.tests.TestHomePage">
        <test-method is-config="true" signature="InitializeExtentReport()[pri:0, instance:com.ninjademo.qa.tests.TestHomePage@609e8838]" started-at="2024-01-19T23:45:37 IST" name="InitializeExtentReport" finished-at="2024-01-19T23:45:38 IST" duration-ms="542" status="PASS">
          <reporter-output>
          </reporter-output>
        </test-method> <!-- InitializeExtentReport -->
        <test-method is-config="true" signature="getNameMethod(org.testng.ITestContext)[pri:0, instance:com.ninjademo.qa.tests.TestHomePage@609e8838]" started-at="2024-01-19T23:45:38 IST" name="getNameMethod" finished-at="2024-01-19T23:45:38 IST" duration-ms="24" status="PASS">
          <params>
            <param index="0">
              <value>
                <![CDATA[org.testng.TestRunner@6436e181]]>
              </value>
            </param>
          </params>
          <reporter-output>
          </reporter-output>
        </test-method> <!-- getNameMethod -->
        <test-method is-config="true" signature="openApp()[pri:0, instance:com.ninjademo.qa.tests.TestHomePage@609e8838]" started-at="2024-01-19T23:45:38 IST" name="openApp" finished-at="2024-01-19T23:45:44 IST" duration-ms="5696" status="PASS">
          <reporter-output>
          </reporter-output>
        </test-method> <!-- openApp -->
        <test-method signature="test_homepagegettitle()[pri:49, instance:com.ninjademo.qa.tests.TestHomePage@609e8838]" started-at="2024-01-19T23:45:44 IST" name="test_homepagegettitle" finished-at="2024-01-19T23:45:44 IST" duration-ms="43" status="PASS">
          <reporter-output>
          </reporter-output>
        </test-method> <!-- test_homepagegettitle -->
        <test-method is-config="true" signature="generateTestStatus(java.lang.reflect.Method,org.testng.ITestResult)[pri:0, instance:com.ninjademo.qa.tests.TestHomePage@609e8838]" started-at="2024-01-19T23:45:44 IST" name="generateTestStatus" finished-at="2024-01-19T23:45:44 IST" duration-ms="6" status="PASS">
          <params>
            <param index="0">
              <value>
                <![CDATA[public void com.ninjademo.qa.tests.TestHomePage.test_homepagegettitle()]]>
              </value>
            </param>
            <param index="1">
              <value>
                <![CDATA[[TestResult name=test_homepagegettitle status=SUCCESS method=TestHomePage.test_homepagegettitle()[pri:49, instance:com.ninjademo.qa.tests.TestHomePage@609e8838] output={null}]]]>
              </value>
            </param>
          </params>
          <reporter-output>
          </reporter-output>
        </test-method> <!-- generateTestStatus -->
        <test-method signature="test_ClickonMyAccount()[pri:50, instance:com.ninjademo.qa.tests.TestHomePage@609e8838]" started-at="2024-01-19T23:45:44 IST" name="test_ClickonMyAccount" finished-at="2024-01-19T23:45:44 IST" duration-ms="194" status="PASS">
          <reporter-output>
          </reporter-output>
        </test-method> <!-- test_ClickonMyAccount -->
        <test-method is-config="true" signature="generateTestStatus(java.lang.reflect.Method,org.testng.ITestResult)[pri:0, instance:com.ninjademo.qa.tests.TestHomePage@609e8838]" started-at="2024-01-19T23:45:44 IST" name="generateTestStatus" finished-at="2024-01-19T23:45:44 IST" duration-ms="2" status="PASS">
          <params>
            <param index="0">
              <value>
                <![CDATA[public void com.ninjademo.qa.tests.TestHomePage.test_ClickonMyAccount()]]>
              </value>
            </param>
            <param index="1">
              <value>
                <![CDATA[[TestResult name=test_ClickonMyAccount status=SUCCESS method=TestHomePage.test_ClickonMyAccount()[pri:50, instance:com.ninjademo.qa.tests.TestHomePage@609e8838] output={null}]]]>
              </value>
            </param>
          </params>
          <reporter-output>
          </reporter-output>
        </test-method> <!-- generateTestStatus -->
        <test-method signature="test_ClickonLogin()[pri:51, instance:com.ninjademo.qa.tests.TestHomePage@609e8838]" started-at="2024-01-19T23:45:44 IST" name="test_ClickonLogin" finished-at="2024-01-19T23:45:44 IST" duration-ms="383" status="PASS">
          <reporter-output>
          </reporter-output>
        </test-method> <!-- test_ClickonLogin -->
        <test-method is-config="true" signature="generateTestStatus(java.lang.reflect.Method,org.testng.ITestResult)[pri:0, instance:com.ninjademo.qa.tests.TestHomePage@609e8838]" started-at="2024-01-19T23:45:44 IST" name="generateTestStatus" finished-at="2024-01-19T23:45:44 IST" duration-ms="1" status="PASS">
          <params>
            <param index="0">
              <value>
                <![CDATA[public void com.ninjademo.qa.tests.TestHomePage.test_ClickonLogin()]]>
              </value>
            </param>
            <param index="1">
              <value>
                <![CDATA[[TestResult name=test_ClickonLogin status=SUCCESS method=TestHomePage.test_ClickonLogin()[pri:51, instance:com.ninjademo.qa.tests.TestHomePage@609e8838] output={null}]]]>
              </value>
            </param>
          </params>
          <reporter-output>
          </reporter-output>
        </test-method> <!-- generateTestStatus -->
        <test-method signature="test_ClickonRegister()[pri:52, instance:com.ninjademo.qa.tests.TestHomePage@609e8838]" started-at="2024-01-19T23:45:44 IST" name="test_ClickonRegister" finished-at="2024-01-19T23:45:46 IST" duration-ms="1680" status="PASS">
          <reporter-output>
          </reporter-output>
        </test-method> <!-- test_ClickonRegister -->
        <test-method is-config="true" signature="generateTestStatus(java.lang.reflect.Method,org.testng.ITestResult)[pri:0, instance:com.ninjademo.qa.tests.TestHomePage@609e8838]" started-at="2024-01-19T23:45:46 IST" name="generateTestStatus" finished-at="2024-01-19T23:45:46 IST" duration-ms="3" status="PASS">
          <params>
            <param index="0">
              <value>
                <![CDATA[public void com.ninjademo.qa.tests.TestHomePage.test_ClickonRegister() throws java.lang.InterruptedException]]>
              </value>
            </param>
            <param index="1">
              <value>
                <![CDATA[[TestResult name=test_ClickonRegister status=SUCCESS method=TestHomePage.test_ClickonRegister()[pri:52, instance:com.ninjademo.qa.tests.TestHomePage@609e8838] output={null}]]]>
              </value>
            </param>
          </params>
          <reporter-output>
          </reporter-output>
        </test-method> <!-- generateTestStatus -->
        <test-method signature="test_ClickonWishlist()[pri:53, instance:com.ninjademo.qa.tests.TestHomePage@609e8838]" started-at="2024-01-19T23:45:46 IST" name="test_ClickonWishlist" finished-at="2024-01-19T23:45:46 IST" duration-ms="418" status="PASS">
          <reporter-output>
          </reporter-output>
        </test-method> <!-- test_ClickonWishlist -->
        <test-method is-config="true" signature="generateTestStatus(java.lang.reflect.Method,org.testng.ITestResult)[pri:0, instance:com.ninjademo.qa.tests.TestHomePage@609e8838]" started-at="2024-01-19T23:45:46 IST" name="generateTestStatus" finished-at="2024-01-19T23:45:46 IST" duration-ms="1" status="PASS">
          <params>
            <param index="0">
              <value>
                <![CDATA[public void com.ninjademo.qa.tests.TestHomePage.test_ClickonWishlist()]]>
              </value>
            </param>
            <param index="1">
              <value>
                <![CDATA[[TestResult name=test_ClickonWishlist status=SUCCESS method=TestHomePage.test_ClickonWishlist()[pri:53, instance:com.ninjademo.qa.tests.TestHomePage@609e8838] output={null}]]]>
              </value>
            </param>
          </params>
          <reporter-output>
          </reporter-output>
        </test-method> <!-- generateTestStatus -->
        <test-method signature="test_ClickonShoppingcart()[pri:54, instance:com.ninjademo.qa.tests.TestHomePage@609e8838]" started-at="2024-01-19T23:45:46 IST" name="test_ClickonShoppingcart" finished-at="2024-01-19T23:45:47 IST" duration-ms="365" status="PASS">
          <reporter-output>
          </reporter-output>
        </test-method> <!-- test_ClickonShoppingcart -->
        <test-method is-config="true" signature="generateTestStatus(java.lang.reflect.Method,org.testng.ITestResult)[pri:0, instance:com.ninjademo.qa.tests.TestHomePage@609e8838]" started-at="2024-01-19T23:45:47 IST" name="generateTestStatus" finished-at="2024-01-19T23:45:47 IST" duration-ms="0" status="PASS">
          <params>
            <param index="0">
              <value>
                <![CDATA[public void com.ninjademo.qa.tests.TestHomePage.test_ClickonShoppingcart()]]>
              </value>
            </param>
            <param index="1">
              <value>
                <![CDATA[[TestResult name=test_ClickonShoppingcart status=SUCCESS method=TestHomePage.test_ClickonShoppingcart()[pri:54, instance:com.ninjademo.qa.tests.TestHomePage@609e8838] output={null}]]]>
              </value>
            </param>
          </params>
          <reporter-output>
          </reporter-output>
        </test-method> <!-- generateTestStatus -->
        <test-method is-config="true" signature="generateReports()[pri:0, instance:com.ninjademo.qa.tests.TestHomePage@609e8838]" started-at="2024-01-19T23:46:08 IST" name="generateReports" finished-at="2024-01-19T23:46:10 IST" duration-ms="2430" status="PASS">
          <reporter-output>
          </reporter-output>
        </test-method> <!-- generateReports -->
      </class> <!-- com.ninjademo.qa.tests.TestHomePage -->
    </test> <!-- Project1 -->
  </suite> <!-- Project1 -->
</testng-results>
